Issend: 1
Date: Вт, 21-Ноя-2017 в 22:37
ФИО: тестовый
Тел.:  7 (092) 222-22-22
Форма: /projects/ssl.dev/
Браузер: Mozilla Firefox
Версия: 57.0
Платформа: windows
Отчёт: Mozilla/5.0 (Windows NT 10.0; rv:57.0) Gecko/20100101 Firefox/57.0
ip: ::1
local ip: 192.168.0.21
---------------------------------

Issend: 1
Date: Вт, 21-Ноя-2017 в 22:48
ФИО: просто
Тел.:  7 (098) 888-88-88
Форма: /projects/ssl.dev/
Браузер: Mozilla Firefox
Версия: 57.0
Платформа: windows
Отчёт: Mozilla/5.0 (Windows NT 10.0; rv:57.0) Gecko/20100101 Firefox/57.0
ip: ::1
local ip: 192.168.0.21
---------------------------------

Issend: 1
Date: Вт, 21-Ноя-2017 в 22:55
ФИО: test
Тел.:  7 (000) 000-00-00
Форма: /projects/ssl.dev/
Браузер: Mozilla Firefox
Версия: 57.0
Платформа: windows
Отчёт: Mozilla/5.0 (Windows NT 10.0; rv:57.0) Gecko/20100101 Firefox/57.0
ip: ::1
local ip: 192.168.0.21
---------------------------------

Issend: 1
Date: Вт, 21-Ноя-2017 в 22:55
ФИО: ttt
Тел.:  7 (000) 000-00-00
Форма: /projects/ssl.dev/
Браузер: Mozilla Firefox
Версия: 57.0
Платформа: windows
Отчёт: Mozilla/5.0 (Windows NT 10.0; rv:57.0) Gecko/20100101 Firefox/57.0
ip: ::1
local ip: 192.168.0.21
---------------------------------

Issend: 1
Date: Ср, 22-Ноя-2017 в 23:17
ФИО: тест
Тел.:  7 (091) 111-11-11
Форма: Забронировать лыжи
Браузер: Mozilla Firefox
Версия: 57.0
Платформа: windows
Отчёт: Mozilla/5.0 (Windows NT 10.0; rv:57.0) Gecko/20100101 Firefox/57.0
ip: ::1
local ip: 192.168.0.21
---------------------------------

Issend: 1
Date: Ср, 22-Ноя-2017 в 23:18
ФИО: тест
Тел.:  7 (888) 888-88-88
Форма: Забронировать Куртку
Браузер: Mozilla Firefox
Версия: 57.0
Платформа: windows
Отчёт: Mozilla/5.0 (Windows NT 10.0; rv:57.0) Gecko/20100101 Firefox/57.0
ip: ::1
local ip: 192.168.0.21
---------------------------------

Issend: 1
Date: Ср, 22-Ноя-2017 в 23:21
ФИО: 
Тел.: 
Форма: Забронировать Ботинки сноубордические
Браузер: Mozilla Firefox
Версия: 57.0
Платформа: windows
Отчёт: Mozilla/5.0 (Windows NT 10.0; rv:57.0) Gecko/20100101 Firefox/57.0
ip: ::1
local ip: 192.168.0.21
---------------------------------

Issend: 1
Date: Ср, 22-Ноя-2017 в 23:22
ФИО: 
Тел.: 
Форма: /projects/ssl.dev/
Браузер: Mozilla Firefox
Версия: 57.0
Платформа: windows
Отчёт: Mozilla/5.0 (Windows NT 10.0; rv:57.0) Gecko/20100101 Firefox/57.0
ip: ::1
local ip: 192.168.0.21
---------------------------------

Issend: 1
Date: Ср, 22-Ноя-2017 в 23:22
ФИО: тест
Тел.:  7 (091) 111-11-11
Форма: /projects/ssl.dev/
Браузер: Mozilla Firefox
Версия: 57.0
Платформа: windows
Отчёт: Mozilla/5.0 (Windows NT 10.0; rv:57.0) Gecko/20100101 Firefox/57.0
ip: ::1
local ip: 192.168.0.21
---------------------------------

Issend: 1
Date: Ср, 22-Ноя-2017 в 23:23
ФИО: 
Тел.: 
Форма: /projects/ssl.dev/
Браузер: Mozilla Firefox
Версия: 57.0
Платформа: windows
Отчёт: Mozilla/5.0 (Windows NT 10.0; rv:57.0) Gecko/20100101 Firefox/57.0
ip: ::1
local ip: 192.168.0.21
---------------------------------

Issend: 1
Date: Ср, 22-Ноя-2017 в 23:24
ФИО: ккеее
Тел.:  7 (091) 111-11-11
Форма: /projects/ssl.dev/
Браузер: Mozilla Firefox
Версия: 57.0
Платформа: windows
Отчёт: Mozilla/5.0 (Windows NT 10.0; rv:57.0) Gecko/20100101 Firefox/57.0
ip: ::1
local ip: 192.168.0.21
---------------------------------

Issend: 1
Date: Ср, 22-Ноя-2017 в 23:26
ФИО: 
Тел.: 
Форма: /projects/ssl.dev/
Браузер: Mozilla Firefox
Версия: 57.0
Платформа: windows
Отчёт: Mozilla/5.0 (Windows NT 10.0; rv:57.0) Gecko/20100101 Firefox/57.0
ip: ::1
local ip: 192.168.0.21
---------------------------------

Issend: 1
Date: Ср, 22-Ноя-2017 в 23:26
ФИО: tre
Тел.:  7 (091) 111-11-11
Форма: /projects/ssl.dev/
Браузер: Mozilla Firefox
Версия: 57.0
Платформа: windows
Отчёт: Mozilla/5.0 (Windows NT 10.0; rv:57.0) Gecko/20100101 Firefox/57.0
ip: ::1
local ip: 192.168.0.21
---------------------------------

Issend: 1
Date: Ср, 22-Ноя-2017 в 23:28
ФИО: 
Тел.: 
Форма: /projects/ssl.dev/
Браузер: Mozilla Firefox
Версия: 57.0
Платформа: windows
Отчёт: Mozilla/5.0 (Windows NT 10.0; rv:57.0) Gecko/20100101 Firefox/57.0
ip: ::1
local ip: 192.168.0.21
---------------------------------

Issend: 1
Date: Ср, 22-Ноя-2017 в 23:29
ФИО: тест
Тел.:  7 (091) 111-11-11
Форма: /projects/ssl.dev/
Браузер: Mozilla Firefox
Версия: 57.0
Платформа: windows
Отчёт: Mozilla/5.0 (Windows NT 10.0; rv:57.0) Gecko/20100101 Firefox/57.0
ip: ::1
local ip: 192.168.0.21
---------------------------------

Issend: 1
Date: Ср, 22-Ноя-2017 в 23:31
ФИО: ntcn
Тел.:  7 (888) 888-88-88
Форма: Забронировать Лыжные ботинки
Браузер: Mozilla Firefox
Версия: 57.0
Платформа: windows
Отчёт: Mozilla/5.0 (Windows NT 10.0; rv:57.0) Gecko/20100101 Firefox/57.0
ip: ::1
local ip: 192.168.0.21
---------------------------------

Issend: 1
Date: Чт, 23-Ноя-2017 в 13:36
ФИО: тест
Тел.:  7 (091) 111-11-11
Форма: Заказ с формы футера /projects/ssl.dev/
Браузер: Mozilla Firefox
Версия: 57.0
Платформа: windows
Отчёт: Mozilla/5.0 (Windows NT 10.0; rv:57.0) Gecko/20100101 Firefox/57.0
ip: ::1
local ip: 192.168.0.21
---------------------------------

Issend: 1
Date: Чт, 23-Ноя-2017 в 20:34
ФИО: qwerty
Тел.:  7 (000) 000-00-00
Форма: /projects/ssl.dev/
Браузер: Mozilla Firefox
Версия: 57.0
Платформа: windows
Отчёт: Mozilla/5.0 (Windows NT 10.0; rv:57.0) Gecko/20100101 Firefox/57.0
ip: ::1
local ip: 172.30.2.70
---------------------------------

Issend: 1
Date: Чт, 23-Ноя-2017 в 20:35
ФИО: qwerty
Тел.:  7 (091) 111-11-11
Форма: /projects/ssl.dev/
Браузер: Mozilla Firefox
Версия: 57.0
Платформа: windows
Отчёт: Mozilla/5.0 (Windows NT 10.0; rv:57.0) Gecko/20100101 Firefox/57.0
ip: ::1
local ip: 172.30.2.70
---------------------------------

Issend: 
Date: Чт, 23-Ноя-2017 в 20:44
ФИО: тест лендинг
Тел.:  7 (888) 888-88-88
Форма: /projects/ssl.dev/booking/
Браузер: Mozilla Firefox
Версия: 57.0
Платформа: windows
Отчёт: Mozilla/5.0 (Windows NT 10.0; rv:57.0) Gecko/20100101 Firefox/57.0
ip: ::1
local ip: 172.30.2.70
---------------------------------

Issend: 1
Date: Чт, 23-Ноя-2017 в 20:46
ФИО: тест лэнд
Тел.:  7 (666) 666-66-66
Форма: /projects/ssl.dev/booking/
Браузер: Mozilla Firefox
Версия: 57.0
Платформа: windows
Отчёт: Mozilla/5.0 (Windows NT 10.0; rv:57.0) Gecko/20100101 Firefox/57.0
ip: ::1
local ip: 172.30.2.70
---------------------------------

Issend: 1
Date: Чт, 23-Ноя-2017 в 20:48
ФИО: ert
Тел.:  7 (094) 444-44-44
Форма: /projects/ssl.dev/booking/
Браузер: Mozilla Firefox
Версия: 57.0
Платформа: windows
Отчёт: Mozilla/5.0 (Windows NT 10.0; rv:57.0) Gecko/20100101 Firefox/57.0
ip: ::1
local ip: 172.30.2.70
---------------------------------

Issend: 1
Date: Пн, 27-Ноя-2017 в 20:34
ФИО: тест
Тел.:  7 (091) 111-11-11
Форма: Заказ с формы доставки /projects/ssl.dev/dostavka/
Браузер: Mozilla Firefox
Версия: 57.0
Платформа: windows
Отчёт: Mozilla/5.0 (Windows NT 10.0; rv:57.0) Gecko/20100101 Firefox/57.0
ip: ::1
local ip: 172.30.2.118
---------------------------------

Issend: 1
Date: Ср, 11-Апр-2018 в 21:47
ФИО: 
Тел.: 
Форма: 
Браузер: Mozilla Firefox
Версия: 59.0
Платформа: windows
Отчёт: Mozilla/5.0 (Windows NT 6.1; Win64; x64; rv:59.0) Gecko/20100101 Firefox/59.0
ip: ::1
local ip: 172.30.2.33
---------------------------------

Issend: 1
Date: Ср, 11-Апр-2018 в 21:54
ФИО: 
Тел.: 
Форма: 
Браузер: Mozilla Firefox
Версия: 59.0
Платформа: windows
Отчёт: Mozilla/5.0 (Windows NT 6.1; Win64; x64; rv:59.0) Gecko/20100101 Firefox/59.0
ip: ::1
local ip: 172.30.2.33
---------------------------------

Issend: 1
Date: Ср, 18-Апр-2018 в 22:49
ФИО: undefined
Тел.: undefined
Форма: undefined
Браузер: Mozilla Firefox
Версия: 59.0
Платформа: windows
Отчёт: Mozilla/5.0 (Windows NT 6.1; Win64; x64; rv:59.0) Gecko/20100101 Firefox/59.0
ip: ::1
local ip: 192.168.0.98
---------------------------------

Issend: 1
Date: Ср, 18-Апр-2018 в 22:49
ФИО: undefined
Тел.: undefined
Форма: undefined
Браузер: Mozilla Firefox
Версия: 59.0
Платформа: windows
Отчёт: Mozilla/5.0 (Windows NT 6.1; Win64; x64; rv:59.0) Gecko/20100101 Firefox/59.0
ip: ::1
local ip: 192.168.0.98
---------------------------------

